# JRE version: OpenJDK Runtime Environment (8.0_152-b01) (build 1.8.0_152-release-1343-b01)
# Java VM: OpenJDK 64-Bit Server VM (25.152-b01 mixed mode windows-amd64 compressed oops)
Heap:
 PSYoungGen      total 286208K, used 33252K [0x000000076ab00000, 0x0000000789a80000, 0x00000007c0000000)
  eden space 252928K, 0% used [0x000000076ab00000,0x000000076ab00000,0x000000077a200000)
  from space 33280K, 99% used [0x000000077a200000,0x000000077c279140,0x000000077c280000)
  to   space 51200K, 0% used [0x0000000786880000,0x0000000786880000,0x0000000789a80000)
 ParOldGen       total 87552K, used 85369K [0x00000006c0000000, 0x00000006c5580000, 0x000000076ab00000)
  object space 87552K, 97% used [0x00000006c0000000,0x00000006c535e750,0x00000006c5580000)
 Metaspace       used 6330K, capacity 7152K, committed 7296K, reserved 1056768K
  class space    used 588K, capacity 616K, committed 640K, reserved 1048576K
GC Heap History (10 events):
Event: 2.091 GC heap after
Heap after GC invocations=5 (full 0):
 PSYoungGen      total 71680K, used 5101K [0x000000076ab00000, 0x0000000774900000, 0x00000007c0000000)
  eden space 66560K, 0% used [0x000000076ab00000,0x000000076ab00000,0x000000076ec00000)
  from space 5120K, 99% used [0x000000076ec00000,0x000000076f0fb7f8,0x000000076f100000)
  to   space 14336K, 0% used [0x0000000773b00000,0x0000000773b00000,0x0000000774900000)
 ParOldGen       total 87552K, used 28481K [0x00000006c0000000, 0x00000006c5580000, 0x000000076ab00000)
  object space 87552K, 32% used [0x00000006c0000000,0x00000006c1bd04c0,0x00000006c5580000)
 Metaspace       used 6196K, capacity 7088K, committed 7296K, reserved 1056768K
  class space    used 585K, capacity 616K, committed 640K, reserved 1048576K
}
Event: 2.491 GC heap before
{Heap before GC invocations=6 (full 0):
 PSYoungGen      total 71680K, used 71661K [0x000000076ab00000, 0x0000000774900000, 0x00000007c0000000)
  eden space 66560K, 100% used [0x000000076ab00000,0x000000076ec00000,0x000000076ec00000)
  from space 5120K, 99% used [0x000000076ec00000,0x000000076f0fb7f8,0x000000076f100000)
  to   space 14336K, 0% used [0x0000000773b00000,0x0000000773b00000,0x0000000774900000)
 ParOldGen       total 87552K, used 28481K [0x00000006c0000000, 0x00000006c5580000, 0x000000076ab00000)
  object space 87552K, 32% used [0x00000006c0000000,0x00000006c1bd04c0,0x00000006c5580000)
 Metaspace       used 6223K, capacity 7088K, committed 7296K, reserved 1056768K
  class space    used 585K, capacity 616K, committed 640K, reserved 1048576K
Event: 2.525 GC heap after
Heap after GC invocations=6 (full 0):
 PSYoungGen      total 144896K, used 14305K [0x000000076ab00000, 0x0000000774e00000, 0x00000007c0000000)
  eden space 130560K, 0% used [0x000000076ab00000,0x000000076ab00000,0x0000000772a80000)
  from space 14336K, 99% used [0x0000000773b00000,0x00000007748f8678,0x0000000774900000)
  to   space 16896K, 0% used [0x0000000772a80000,0x0000000772a80000,0x0000000773b00000)
 ParOldGen       total 87552K, used 30370K [0x00000006c0000000, 0x00000006c5580000, 0x000000076ab00000)
  object space 87552K, 34% used [0x00000006c0000000,0x00000006c1da8868,0x00000006c5580000)
 Metaspace       used 6223K, capacity 7088K, committed 7296K, reserved 1056768K
  class space    used 585K, capacity 616K, committed 640K, reserved 1048576K
}
Event: 3.366 GC heap before
{Heap before GC invocations=7 (full 0):
 PSYoungGen      total 144896K, used 144865K [0x000000076ab00000, 0x0000000774e00000, 0x00000007c0000000)
  eden space 130560K, 100% used [0x000000076ab00000,0x0000000772a80000,0x0000000772a80000)
  from space 14336K, 99% used [0x0000000773b00000,0x00000007748f8678,0x0000000774900000)
  to   space 16896K, 0% used [0x0000000772a80000,0x0000000772a80000,0x0000000773b00000)
 ParOldGen       total 87552K, used 30370K [0x00000006c0000000, 0x00000006c5580000, 0x000000076ab00000)
  object space 87552K, 34% used [0x00000006c0000000,0x00000006c1da8868,0x00000006c5580000)
 Metaspace       used 6236K, capacity 7088K, committed 7296K, reserved 1056768K
  class space    used 585K, capacity 616K, committed 640K, reserved 1048576K
Event: 3.439 GC heap after
Heap after GC invocations=7 (full 0):
 PSYoungGen      total 147456K, used 16867K [0x000000076ab00000, 0x000000077db00000, 0x00000007c0000000)
  eden space 130560K, 0% used [0x000000076ab00000,0x000000076ab00000,0x0000000772a80000)
  from space 16896K, 99% used [0x0000000772a80000,0x0000000773af8ce0,0x0000000773b00000)
  to   space 25088K, 0% used [0x000000077c280000,0x000000077c280000,0x000000077db00000)
 ParOldGen       total 87552K, used 43267K [0x00000006c0000000, 0x00000006c5580000, 0x000000076ab00000)
  object space 87552K, 49% used [0x00000006c0000000,0x00000006c2a40e88,0x00000006c5580000)
 Metaspace       used 6236K, capacity 7088K, committed 7296K, reserved 1056768K
  class space    used 585K, capacity 616K, committed 640K, reserved 1048576K
}
Event: 4.296 GC heap before
{Heap before GC invocations=8 (full 0):
 PSYoungGen      total 147456K, used 147427K [0x000000076ab00000, 0x000000077db00000, 0x00000007c0000000)
  eden space 130560K, 100% used [0x000000076ab00000,0x0000000772a80000,0x0000000772a80000)
  from space 16896K, 99% used [0x0000000772a80000,0x0000000773af8ce0,0x0000000773b00000)
  to   space 25088K, 0% used [0x000000077c280000,0x000000077c280000,0x000000077db00000)
 ParOldGen       total 87552K, used 43267K [0x00000006c0000000, 0x00000006c5580000, 0x000000076ab00000)
  object space 87552K, 49% used [0x00000006c0000000,0x00000006c2a40e88,0x00000006c5580000)
 Metaspace       used 6301K, capacity 7152K, committed 7296K, reserved 1056768K
  class space    used 588K, capacity 616K, committed 640K, reserved 1048576K
Event: 4.347 GC heap after
Heap after GC invocations=8 (full 0):
 PSYoungGen      total 278016K, used 25069K [0x000000076ab00000, 0x000000077eb00000, 0x00000007c0000000)
  eden space 252928K, 0% used [0x000000076ab00000,0x000000076ab00000,0x000000077a200000)
  from space 25088K, 99% used [0x000000077c280000,0x000000077dafb7f8,0x000000077db00000)
  to   space 33280K, 0% used [0x000000077a200000,0x000000077a200000,0x000000077c280000)
 ParOldGen       total 87552K, used 54112K [0x00000006c0000000, 0x00000006c5580000, 0x000000076ab00000)
  object space 87552K, 61% used [0x00000006c0000000,0x00000006c34d8180,0x00000006c5580000)
 Metaspace       used 6301K, capacity 7152K, committed 7296K, reserved 1056768K
  class space    used 588K, capacity 616K, committed 640K, reserved 1048576K
}
Event: 5.757 GC heap before
{Heap before GC invocations=9 (full 0):
 PSYoungGen      total 278016K, used 277997K [0x000000076ab00000, 0x000000077eb00000, 0x00000007c0000000)
  eden space 252928K, 100% used [0x000000076ab00000,0x000000077a200000,0x000000077a200000)
  from space 25088K, 99% used [0x000000077c280000,0x000000077dafb7f8,0x000000077db00000)
  to   space 33280K, 0% used [0x000000077a200000,0x000000077a200000,0x000000077c280000)
 ParOldGen       total 87552K, used 54112K [0x00000006c0000000, 0x00000006c5580000, 0x000000076ab00000)
  object space 87552K, 61% used [0x00000006c0000000,0x00000006c34d8180,0x00000006c5580000)
 Metaspace       used 6330K, capacity 7152K, committed 7296K, reserved 1056768K
  class space    used 588K, capacity 616K, committed 640K, reserved 1048576K
Event: 5.903 GC heap after
Heap after GC invocations=9 (full 0):
 PSYoungGen      total 286208K, used 33252K [0x000000076ab00000, 0x0000000789a80000, 0x00000007c0000000)
  eden space 252928K, 0% used [0x000000076ab00000,0x000000076ab00000,0x000000077a200000)
  from space 33280K, 99% used [0x000000077a200000,0x000000077c279140,0x000000077c280000)
  to   space 51200K, 0% used [0x0000000786880000,0x0000000786880000,0x0000000789a80000)
 ParOldGen       total 87552K, used 85369K [0x00000006c0000000, 0x00000006c5580000, 0x000000076ab00000)
  object space 87552K, 97% used [0x00000006c0000000,0x00000006c535e750,0x00000006c5580000)
 Metaspace       used 6330K, capacity 7152K, committed 7296K, reserved 1056768K
  class space    used 588K, capacity 616K, committed 640K, reserved 1048576K
}
Event: 5.903 GC heap before
{Heap before GC invocations=10 (full 1):
 PSYoungGen      total 286208K, used 33252K [0x000000076ab00000, 0x0000000789a80000, 0x00000007c0000000)
  eden space 252928K, 0% used [0x000000076ab00000,0x000000076ab00000,0x000000077a200000)
  from space 33280K, 99% used [0x000000077a200000,0x000000077c279140,0x000000077c280000)
  to   space 51200K, 0% used [0x0000000786880000,0x0000000786880000,0x0000000789a80000)
 ParOldGen       total 87552K, used 85369K [0x00000006c0000000, 0x00000006c5580000, 0x000000076ab00000)
  object space 87552K, 97% used [0x00000006c0000000,0x00000006c535e750,0x00000006c5580000)
 Metaspace       used 6330K, capacity 7152K, committed 7296K, reserved 1056768K
  class space    used 588K, capacity 616K, committed 640K, reserved 1048576K

